Rendering to 768x768 image
Loaded scene with 4 circles
Loaded scene with 4 circles
---------------------------------------------------------
Initializing CUDA for CudaRenderer
Found 2 CUDA devices
Device 0: GeForce GTX 480
   SMs:        15
   Global mem: 1536 MB
   CUDA Cap:   2.0
Device 1: Quadro FX 580
   SMs:        4
   Global mem: 511 MB
   CUDA Cap:   1.1
---------------------------------------------------------

Running benchmark, 1 frames, beginning at frame 0 ...
Copying image data from device
***************** Correctness check passed **************************
Clear:    0.1051 ms
Advance:  0.0010 ms
Render:   0.3099 ms
Total:    0.4160 ms

Overall:  0.0174 sec (note units are seconds)
