Rendering to 768x768 image
Loaded data for 100000 circles from snow.par
Loaded scene with 100000 circles
Loaded data for 100000 circles from snow.par
Loaded scene with 100000 circles
---------------------------------------------------------
Initializing CUDA for CudaRenderer
Found 2 CUDA devices
Device 0: GeForce GTX 480
   SMs:        15
   Global mem: 1536 MB
   CUDA Cap:   2.0
Device 1: Quadro NVS 295
   SMs:        1
   Global mem: 255 MB
   CUDA Cap:   1.1
---------------------------------------------------------

Running benchmark, 1 frames, beginning at frame 0 ...
Copying image data from device
Mismatch detected at pixel [0][64], value = 0.850000, expected 0.953215 for color Blue
Mismatch detected at pixel [0][65], value = 0.850000, expected 0.956162 for color Blue
Mismatch detected at pixel [0][66], value = 0.850000, expected 0.956839 for color Blue
Mismatch detected at pixel [0][67], value = 0.850000, expected 0.954996 for color Blue
Mismatch detected at pixel [0][68], value = 0.850000, expected 0.951400 for color Blue
Mismatch detected at pixel [0][118], value = 0.850000, expected 0.951637 for color Blue
ERROR : Mismatch detected between reference and actual
