Rendering to 768x768 image
Loaded scene with 10000 circles
Loaded scene with 10000 circles
---------------------------------------------------------
Initializing CUDA for CudaRenderer
Found 2 CUDA devices
Device 0: GeForce GTX 480
   SMs:        15
   Global mem: 1536 MB
   CUDA Cap:   2.0
Device 1: Quadro NVS 295
   SMs:        1
   Global mem: 255 MB
   CUDA Cap:   1.1
---------------------------------------------------------

Running benchmark, 1 frames, beginning at frame 0 ...
Copying image data from device
Mismatch detected at pixel [617][136], value = 0.460812, expected 0.701270 for color Red
***************** Correctness check passed **************************
Clear:    0.1345 ms
Advance:  0.0010 ms
Render:   224.6571 ms
Total:    224.7926 ms

Overall:  6.1659 sec (note units are seconds)
