Rendering to 768x768 image
Loaded scene with 10 circles
Loaded scene with 10 circles
---------------------------------------------------------
Initializing CUDA for CudaRenderer
Found 2 CUDA devices
Device 0: GeForce GTX 480
   SMs:        15
   Global mem: 1536 MB
   CUDA Cap:   2.0
Device 1: Quadro NVS 295
   SMs:        1
   Global mem: 255 MB
   CUDA Cap:   1.1
---------------------------------------------------------

Running benchmark, 1 frames, beginning at frame 0 ...
Copying image data from device
Mismatch detected at pixel [113][696], value = 0.500000, expected 1.000000 for color Red
Mismatch detected at pixel [113][696], value = 0.500000, expected 1.000000 for color Blue
Mismatch detected at pixel [113][697], value = 0.500000, expected 1.000000 for color Red
Mismatch detected at pixel [113][697], value = 0.500000, expected 1.000000 for color Blue
Mismatch detected at pixel [113][698], value = 0.500000, expected 1.000000 for color Red
Mismatch detected at pixel [113][698], value = 0.500000, expected 1.000000 for color Blue
ERROR : Mismatch detected between reference and actual
