Rendering to 768x768 image
Loaded scene with 315 circles
Loaded scene with 315 circles
---------------------------------------------------------
Initializing CUDA for CudaRenderer
Found 2 CUDA devices
Device 0: GeForce GTX 480
   SMs:        15
   Global mem: 1536 MB
   CUDA Cap:   2.0
Device 1: Quadro NVS 295
   SMs:        1
   Global mem: 255 MB
   CUDA Cap:   1.1
---------------------------------------------------------

Running benchmark, 1 frames, beginning at frame 0 ...
Copying image data from device
***************** Correctness check passed **************************
Clear:    0.1862 ms
Advance:  0.1039 ms
Render:   1.4548 ms
Total:    1.7449 ms

Overall:  0.0144 sec (note units are seconds)
