Rendering to 768x768 image
Loaded scene with 25 circles
Loaded scene with 25 circles
---------------------------------------------------------
Initializing CUDA for CudaRenderer
Found 2 CUDA devices
Device 0: GeForce GTX 480
   SMs:        15
   Global mem: 1536 MB
   CUDA Cap:   2.0
Device 1: Quadro NVS 295
   SMs:        1
   Global mem: 255 MB
   CUDA Cap:   1.1
---------------------------------------------------------

Running benchmark, 1 frames, beginning at frame 0 ...
Copying image data from device
***************** Correctness check passed **************************
Clear:    0.1317 ms
Advance:  0.0674 ms
Render:   2.4942 ms
Total:    2.6932 ms

Overall:  0.0448 sec (note units are seconds)
