Rendering to 768x768 image
Loaded scene with 3 circles
Loaded scene with 3 circles
---------------------------------------------------------
Initializing CUDA for CudaRenderer
Found 2 CUDA devices
Device 0: GeForce GTX 480
   SMs:        15
   Global mem: 1536 MB
   CUDA Cap:   2.0
Device 1: Quadro FX 580
   SMs:        4
   Global mem: 511 MB
   CUDA Cap:   1.1
---------------------------------------------------------

Running benchmark, 1 frames, beginning at frame 0 ...
before kernelafter kernelCopying image data from device
Mismatch detected at pixel [154][287], value = 1.000000, expected 0.500000 for color Green
Mismatch detected at pixel [154][287], value = 1.000000, expected 0.500000 for color Blue
Mismatch detected at pixel [154][288], value = 1.000000, expected 0.500000 for color Green
Mismatch detected at pixel [154][288], value = 1.000000, expected 0.500000 for color Blue
Mismatch detected at pixel [154][289], value = 1.000000, expected 0.500000 for color Green
Mismatch detected at pixel [154][289], value = 1.000000, expected 0.500000 for color Blue
ERROR : Mismatch detected between reference and actual
