Rendering to 768x768 image
Loaded scene with 100000 circles
---------------------------------------------------------
Initializing CUDA for CudaRenderer
Found 2 CUDA devices
Device 0: GeForce GTX 480
   SMs:        15
   Global mem: 1536 MB
   CUDA Cap:   2.0
Device 1: Quadro NVS 295
   SMs:        1
   Global mem: 255 MB
   CUDA Cap:   1.1
---------------------------------------------------------

Running benchmark, 4 frames, beginning at frame 0 ...
Clear:    0.1056 ms
Advance:  0.0009 ms
Render:   116.8579 ms
Total:    116.9644 ms

Overall:  0.4679 sec (note units are seconds)
