Rendering to 768x768 image
Loaded data for 100000 circles from snow.par
Loaded scene with 100000 circles
---------------------------------------------------------
Initializing CUDA for CudaRenderer
Found 2 CUDA devices
Device 0: GeForce GTX 480
   SMs:        15
   Global mem: 1536 MB
   CUDA Cap:   2.0
Device 1: Quadro NVS 295
   SMs:        1
   Global mem: 255 MB
   CUDA Cap:   1.1
---------------------------------------------------------

Running benchmark, 4 frames, beginning at frame 0 ...
Clear:    0.0861 ms
Advance:  0.0009 ms
Render:   49.7747 ms
Total:    49.8617 ms

Overall:  0.1996 sec (note units are seconds)
